Log file for fs-synthmorph-reg
Mon Mar 16 14:16:26 IST 2026

setenv SUBJECTS_DIR /mnt/c/Users/ADMIN/Documents/Dev_Projects/OASIS_OAS1_0001_MR1_nii-20260316T061137Z-1-001/PreprocessFiles
cd /mnt/c/Users/ADMIN/Documents/Dev_Projects/OASIS_OAS1_0001_MR1_nii-20260316T061137Z-1-001/PreprocessFiles/OASIS_0001
/usr/local/freesurfer/8.1.0/bin/fs-synthmorph-reg --s OASIS_0001 --threads 1 --i /mnt/c/Users/ADMIN/Documents/Dev_Projects/OASIS_OAS1_0001_MR1_nii-20260316T061137Z-1-001/PreprocessFiles/OASIS_0001/mri/orig.mgz --test
-rwxr-xr-x 1 root root 30890 Jul 19  2025 /usr/local/freesurfer/8.1.0/bin/fs-synthmorph-reg

freesurfer-linux-ubuntu22_x86_64-8.1.0-20250719-f30dfed
$Id$
Linux DESKTOP-TCULOUK 5.15.153.1-microsoft-standard-WSL2 #1 SMP Fri Mar 29 23:14:13 UTC 2024 x86_64 x86_64 x86_64 GNU/Linux
pid 3642
mri_mask -bb 3 /mnt/c/Users/ADMIN/Documents/Dev_Projects/OASIS_OAS1_0001_MR1_nii-20260316T061137Z-1-001/PreprocessFiles/OASIS_0001/mri/orig.mgz /mnt/c/Users/ADMIN/Documents/Dev_Projects/OASIS_OAS1_0001_MR1_nii-20260316T061137Z-1-001/PreprocessFiles/OASIS_0001/mri/orig.mgz /mnt/c/Users/ADMIN/Documents/Dev_Projects/OASIS_OAS1_0001_MR1_nii-20260316T061137Z-1-001/PreprocessFiles/OASIS_0001/mri/transforms/synthmorph.1.0mm.1.0mm/tmp/invol.crop.nii.gz
cropping npad = 3
DoAbs = 0
Computing bounding box, npad = 3, 3, 3, 3, 3, 3
44 23 12  166 216 218
maskval=0, outval=0
Writing masked volume to /mnt/c/Users/ADMIN/Documents/Dev_Projects/OASIS_OAS1_0001_MR1_nii-20260316T061137Z-1-001/PreprocessFiles/OASIS_0001/mri/transforms/synthmorph.1.0mm.1.0mm/tmp/invol.crop.nii.gz...done.
lta_convert --inlta identity.nofile --src /mnt/c/Users/ADMIN/Documents/Dev_Projects/OASIS_OAS1_0001_MR1_nii-20260316T061137Z-1-001/PreprocessFiles/OASIS_0001/mri/transforms/synthmorph.1.0mm.1.0mm/tmp/invol.crop.nii.gz --trg /mnt/c/Users/ADMIN/Documents/Dev_Projects/OASIS_OAS1_0001_MR1_nii-20260316T061137Z-1-001/PreprocessFiles/OASIS_0001/mri/orig.mgz --outlta /mnt/c/Users/ADMIN/Documents/Dev_Projects/OASIS_OAS1_0001_MR1_nii-20260316T061137Z-1-001/PreprocessFiles/OASIS_0001/mri/transforms/synthmorph.1.0mm.1.0mm/tmp/reg.crop-to-invol.lta
8.1.0

--inlta: identity.nofile input LTA transform.
--src: /mnt/c/Users/ADMIN/Documents/Dev_Projects/OASIS_OAS1_0001_MR1_nii-20260316T061137Z-1-001/PreprocessFiles/OASIS_0001/mri/transforms/synthmorph.1.0mm.1.0mm/tmp/invol.crop.nii.gz src image (geometry).
--trg: /mnt/c/Users/ADMIN/Documents/Dev_Projects/OASIS_OAS1_0001_MR1_nii-20260316T061137Z-1-001/PreprocessFiles/OASIS_0001/mri/orig.mgz trg image (geometry).
--outlta: /mnt/c/Users/ADMIN/Documents/Dev_Projects/OASIS_OAS1_0001_MR1_nii-20260316T061137Z-1-001/PreprocessFiles/OASIS_0001/mri/transforms/synthmorph.1.0mm.1.0mm/tmp/reg.crop-to-invol.lta output LTA.
 LTA read, type : 1
 1.00000   0.00000   0.00000   0.00000;
 0.00000   1.00000   0.00000   0.00000;
 0.00000   0.00000   1.00000   0.00000;
 0.00000   0.00000   0.00000   1.00000;
Writing  LTA to file /mnt/c/Users/ADMIN/Documents/Dev_Projects/OASIS_OAS1_0001_MR1_nii-20260316T061137Z-1-001/PreprocessFiles/OASIS_0001/mri/transforms/synthmorph.1.0mm.1.0mm/tmp/reg.crop-to-invol.lta...
lta_convert successful.
Mon Mar 16 14:16:27 IST 2026



mri_synthmorph -m affine -t /mnt/c/Users/ADMIN/Documents/Dev_Projects/OASIS_OAS1_0001_MR1_nii-20260316T061137Z-1-001/PreprocessFiles/OASIS_0001/mri/transforms/synthmorph.1.0mm.1.0mm/aff.lta /mnt/c/Users/ADMIN/Documents/Dev_Projects/OASIS_OAS1_0001_MR1_nii-20260316T061137Z-1-001/PreprocessFiles/OASIS_0001/mri/transforms/synthmorph.1.0mm.1.0mm/tmp/invol.crop.nii.gz /usr/local/freesurfer/8.1.0/average/mni_icbm152_nlin_asym_09c/reg-targets/mni152.1.0mm.cropped.nii.gz -j 1
#@# mri_synthmorph: affine, threads: 1, VmPeak: 10672240
Thank you for choosing SynthMorph. Please cite us!

SynthMorph: learning contrast-invariant registration without acquired images
Hoffmann M, Billot B, Greve DN, Iglesias JE, Fischl B, Dalca AV
IEEE Transactions on Medical Imaging, 41 (3), 543-558, 2022
https://doi.org/10.1109/TMI.2021.3116879

Anatomy-specific acquisition-agnostic affine registration learned from
fictitious images
Hoffmann M, Hoopes A, Fischl B*, Dalca AV* (*equal contribution)
SPIE Medical Imaging: Image Processing, 12464, 1246402, 2023
https://doi.org/10.1117/12.2653251
https://synthmorph.io/#papers (PDF)

Anatomy-aware and acquisition-agnostic joint registration with SynthMorph
Hoffmann M, Hoopes A, Greve DN, Fischl B*, Dalca AV* (*equal contribution)
Imaging Neuroscience, 2, 1-33, 2024
https://doi.org/10.1162/imag_a_00197

Website: https://synthmorph.io
@#@FSTIME  2026:03:16:14:16:27 mri_synthmorph N 8 e 27.31 S 2.85 U 24.05 P 98% M 9339104 F 63 R 101198 W 0 c 61 w 2971 I 29264 O 424 L 1.08 0.56 0.32
@#@FSLOADPOST 2026:03:16:14:16:54 mri_synthmorph N 8 1.05 0.60 0.34
Mon Mar 16 14:16:54 IST 2026



mri_concatenate_lta -invert1 -invertout /mnt/c/Users/ADMIN/Documents/Dev_Projects/OASIS_OAS1_0001_MR1_nii-20260316T061137Z-1-001/PreprocessFiles/OASIS_0001/mri/transforms/synthmorph.1.0mm.1.0mm/aff.lta /mnt/c/Users/ADMIN/Documents/Dev_Projects/OASIS_OAS1_0001_MR1_nii-20260316T061137Z-1-001/PreprocessFiles/OASIS_0001/mri/transforms/synthmorph.1.0mm.1.0mm/tmp/reg.crop-to-invol.lta /mnt/c/Users/ADMIN/Documents/Dev_Projects/OASIS_OAS1_0001_MR1_nii-20260316T061137Z-1-001/PreprocessFiles/OASIS_0001/mri/transforms/synthmorph.1.0mm.1.0mm/tmp/reg.invol_to_croptarg.lta
invert the first LTA before applying it 
invert the output LTA
Read individual LTAs
Combining the two LTAs to get a RAS-to-RAS from src of LTA1 to dst of LTA2...
Inverting output LTA
Writing combined LTA to file /mnt/c/Users/ADMIN/Documents/Dev_Projects/OASIS_OAS1_0001_MR1_nii-20260316T061137Z-1-001/PreprocessFiles/OASIS_0001/mri/transforms/synthmorph.1.0mm.1.0mm/tmp/reg.invol_to_croptarg.lta...
mri_concatenate_lta successful.
@#@FSTIME  2026:03:16:14:16:54 mri_concatenate_lta N 5 e 0.02 S 0.00 U 0.00 P 6% M 5556 F 0 R 218 W 0 c 0 w 178 I 0 O 0 L 1.05 0.60 0.34
@#@FSLOADPOST 2026:03:16:14:16:54 mri_concatenate_lta N 5 1.05 0.60 0.34



mri_concatenate_lta -invert2 /usr/local/freesurfer/8.1.0/average/mni_icbm152_nlin_asym_09c/reg-targets/reg.1.0mm.to.1.0mm.cropped.lta /mnt/c/Users/ADMIN/Documents/Dev_Projects/OASIS_OAS1_0001_MR1_nii-20260316T061137Z-1-001/PreprocessFiles/OASIS_0001/mri/transforms/synthmorph.1.0mm.1.0mm/tmp/reg.invol_to_croptarg.lta /mnt/c/Users/ADMIN/Documents/Dev_Projects/OASIS_OAS1_0001_MR1_nii-20260316T061137Z-1-001/PreprocessFiles/OASIS_0001/mri/transforms/synthmorph.1.0mm.1.0mm/reg.targ_to_invol.lta
invert the second LTA before applying it 
Read individual LTAs
Combining the two LTAs to get a RAS-to-RAS from src of LTA1 to dst of LTA2...
Writing combined LTA to file /mnt/c/Users/ADMIN/Documents/Dev_Projects/OASIS_OAS1_0001_MR1_nii-20260316T061137Z-1-001/PreprocessFiles/OASIS_0001/mri/transforms/synthmorph.1.0mm.1.0mm/reg.targ_to_invol.lta...
mri_concatenate_lta successful.
@#@FSTIME  2026:03:16:14:16:54 mri_concatenate_lta N 4 e 0.02 S 0.00 U 0.00 P 12% M 5492 F 0 R 214 W 0 c 0 w 167 I 8 O 0 L 1.05 0.60 0.34
@#@FSLOADPOST 2026:03:16:14:16:54 mri_concatenate_lta N 4 1.05 0.60 0.34



lta_convert --invert --inlta /mnt/c/Users/ADMIN/Documents/Dev_Projects/OASIS_OAS1_0001_MR1_nii-20260316T061137Z-1-001/PreprocessFiles/OASIS_0001/mri/transforms/synthmorph.1.0mm.1.0mm/reg.targ_to_invol.lta --outlta /mnt/c/Users/ADMIN/Documents/Dev_Projects/OASIS_OAS1_0001_MR1_nii-20260316T061137Z-1-001/PreprocessFiles/OASIS_0001/mri/transforms/synthmorph.1.0mm.1.0mm/reg.invol_to_targ.lta
8.1.0

--invert: will invert transform.
--inlta: /mnt/c/Users/ADMIN/Documents/Dev_Projects/OASIS_OAS1_0001_MR1_nii-20260316T061137Z-1-001/PreprocessFiles/OASIS_0001/mri/transforms/synthmorph.1.0mm.1.0mm/reg.targ_to_invol.lta input LTA transform.
--outlta: /mnt/c/Users/ADMIN/Documents/Dev_Projects/OASIS_OAS1_0001_MR1_nii-20260316T061137Z-1-001/PreprocessFiles/OASIS_0001/mri/transforms/synthmorph.1.0mm.1.0mm/reg.invol_to_targ.lta output LTA.
 LTA read, type : 1
 0.87776  -0.00891  -0.01723  -0.56717;
 0.01587   0.83495  -0.21555  -2.69437;
 0.02416   0.29498   0.75462   4.62589;
 0.00000   0.00000   0.00000   1.00000;
Writing  LTA to file /mnt/c/Users/ADMIN/Documents/Dev_Projects/OASIS_OAS1_0001_MR1_nii-20260316T061137Z-1-001/PreprocessFiles/OASIS_0001/mri/transforms/synthmorph.1.0mm.1.0mm/reg.invol_to_targ.lta...
lta_convert successful.
@#@FSTIME  2026:03:16:14:16:54 lta_convert N 5 e 0.02 S 0.00 U 0.00 P 9% M 5988 F 0 R 220 W 0 c 0 w 160 I 0 O 0 L 1.05 0.60 0.34
@#@FSLOADPOST 2026:03:16:14:16:54 lta_convert N 5 1.05 0.60 0.34



lta_convert --inlta /mnt/c/Users/ADMIN/Documents/Dev_Projects/OASIS_OAS1_0001_MR1_nii-20260316T061137Z-1-001/PreprocessFiles/OASIS_0001/mri/transforms/synthmorph.1.0mm.1.0mm/reg.invol_to_targ.lta --outmni /mnt/c/Users/ADMIN/Documents/Dev_Projects/OASIS_OAS1_0001_MR1_nii-20260316T061137Z-1-001/PreprocessFiles/OASIS_0001/mri/transforms/synthmorph.1.0mm.1.0mm/reg.invol_to_targ.xfm
8.1.0

--inlta: /mnt/c/Users/ADMIN/Documents/Dev_Projects/OASIS_OAS1_0001_MR1_nii-20260316T061137Z-1-001/PreprocessFiles/OASIS_0001/mri/transforms/synthmorph.1.0mm.1.0mm/reg.invol_to_targ.lta input LTA transform.
--outmni: /mnt/c/Users/ADMIN/Documents/Dev_Projects/OASIS_OAS1_0001_MR1_nii-20260316T061137Z-1-001/PreprocessFiles/OASIS_0001/mri/transforms/synthmorph.1.0mm.1.0mm/reg.invol_to_targ.xfm output MNI/XFM matrix.
 LTA read, type : 1
 1.13847   0.00270   0.02676   0.52918;
-0.02820   1.08782   0.31008   1.48061;
-0.02542  -0.42532   1.20310  -6.72581;
 0.00000   0.00000   0.00000   1.00000;
lta_convert successful.




To check affine registration
tkregisterfv --mov /mnt/c/Users/ADMIN/Documents/Dev_Projects/OASIS_OAS1_0001_MR1_nii-20260316T061137Z-1-001/PreprocessFiles/OASIS_0001/mri/orig.mgz --targ /usr/local/freesurfer/8.1.0/average/mni_icbm152_nlin_asym_09c/reg-targets/mni152.1.0mm.nii.gz --reg /mnt/c/Users/ADMIN/Documents/Dev_Projects/OASIS_OAS1_0001_MR1_nii-20260316T061137Z-1-001/PreprocessFiles/OASIS_0001/mri/transforms/synthmorph.1.0mm.1.0mm/reg.invol_to_targ.lta




mri_synthmorph -m deform -t /mnt/c/Users/ADMIN/Documents/Dev_Projects/OASIS_OAS1_0001_MR1_nii-20260316T061137Z-1-001/PreprocessFiles/OASIS_0001/mri/transforms/synthmorph.1.0mm.1.0mm/tmp/deform.mgz -i /mnt/c/Users/ADMIN/Documents/Dev_Projects/OASIS_OAS1_0001_MR1_nii-20260316T061137Z-1-001/PreprocessFiles/OASIS_0001/mri/transforms/synthmorph.1.0mm.1.0mm/aff.lta /mnt/c/Users/ADMIN/Documents/Dev_Projects/OASIS_OAS1_0001_MR1_nii-20260316T061137Z-1-001/PreprocessFiles/OASIS_0001/mri/transforms/synthmorph.1.0mm.1.0mm/tmp/invol.crop.nii.gz /usr/local/freesurfer/8.1.0/average/mni_icbm152_nlin_asym_09c/reg-targets/mni152.1.0mm.cropped.nii.gz -j 1 -o /mnt/c/Users/ADMIN/Documents/Dev_Projects/OASIS_OAS1_0001_MR1_nii-20260316T061137Z-1-001/PreprocessFiles/OASIS_0001/mri/transforms/synthmorph.1.0mm.1.0mm/tmp/synthmorph.out.mgz
#@# mri_synthmorph: deform, threads: 1, VmPeak: 19723656
Thank you for choosing SynthMorph. Please cite us!

SynthMorph: learning contrast-invariant registration without acquired images
Hoffmann M, Billot B, Greve DN, Iglesias JE, Fischl B, Dalca AV
IEEE Transactions on Medical Imaging, 41 (3), 543-558, 2022
https://doi.org/10.1109/TMI.2021.3116879

Anatomy-specific acquisition-agnostic affine registration learned from
fictitious images
Hoffmann M, Hoopes A, Fischl B*, Dalca AV* (*equal contribution)
SPIE Medical Imaging: Image Processing, 12464, 1246402, 2023
https://doi.org/10.1117/12.2653251
https://synthmorph.io/#papers (PDF)

Anatomy-aware and acquisition-agnostic joint registration with SynthMorph
Hoffmann M, Hoopes A, Greve DN, Fischl B*, Dalca AV* (*equal contribution)
Imaging Neuroscience, 2, 1-33, 2024
https://doi.org/10.1162/imag_a_00197

Website: https://synthmorph.io
@#@FSTIME  2026:03:16:14:16:55 mri_synthmorph N 12 e 453.59 S 8.09 U 444.50 P 99% M 18310228 F 78 R 185467 W 0 c 114 w 4895 I 6868776 O 624 L 1.05 0.60 0.34
@#@FSLOADPOST 2026:03:16:14:24:28 mri_synthmorph N 12 1.00 0.93 0.62


mri_warp_convert --inras /mnt/c/Users/ADMIN/Documents/Dev_Projects/OASIS_OAS1_0001_MR1_nii-20260316T061137Z-1-001/PreprocessFiles/OASIS_0001/mri/transforms/synthmorph.1.0mm.1.0mm/tmp/deform.mgz --insrcgeom /mnt/c/Users/ADMIN/Documents/Dev_Projects/OASIS_OAS1_0001_MR1_nii-20260316T061137Z-1-001/PreprocessFiles/OASIS_0001/mri/transforms/synthmorph.1.0mm.1.0mm/tmp/invol.crop.nii.gz --outm3z /mnt/c/Users/ADMIN/Documents/Dev_Projects/OASIS_OAS1_0001_MR1_nii-20260316T061137Z-1-001/PreprocessFiles/OASIS_0001/mri/transforms/synthmorph.1.0mm.1.0mm/warp.to.mni152.1.0mm.1.0mm.nii.gz --vg-thresh 1e-5 --lta1-inv /mnt/c/Users/ADMIN/Documents/Dev_Projects/OASIS_OAS1_0001_MR1_nii-20260316T061137Z-1-001/PreprocessFiles/OASIS_0001/mri/transforms/synthmorph.1.0mm.1.0mm/tmp/reg.crop-to-invol.lta --lta2 /usr/local/freesurfer/8.1.0/average/mni_icbm152_nlin_asym_09c/reg-targets/reg.1.0mm.cropped.to.1.0mm.lta
8.1.0

--inras: /mnt/c/Users/ADMIN/Documents/Dev_Projects/OASIS_OAS1_0001_MR1_nii-20260316T061137Z-1-001/PreprocessFiles/OASIS_0001/mri/transforms/synthmorph.1.0mm.1.0mm/tmp/deform.mgz input RAS warp.
--insrcgeom: /mnt/c/Users/ADMIN/Documents/Dev_Projects/OASIS_OAS1_0001_MR1_nii-20260316T061137Z-1-001/PreprocessFiles/OASIS_0001/mri/transforms/synthmorph.1.0mm.1.0mm/tmp/invol.crop.nii.gz atlas/source image (used for geometry).
--outm3z: /mnt/c/Users/ADMIN/Documents/Dev_Projects/OASIS_OAS1_0001_MR1_nii-20260316T061137Z-1-001/PreprocessFiles/OASIS_0001/mri/transforms/synthmorph.1.0mm.1.0mm/warp.to.mni152.1.0mm.1.0mm.nii.gz output M3Z.
Setting vg_isEqual_Threshold to 0.000010
Applying LTAs to the GCAM
GCAMwrite(/mnt/c/Users/ADMIN/Documents/Dev_Projects/OASIS_OAS1_0001_MR1_nii-20260316T061137Z-1-001/PreprocessFiles/OASIS_0001/mri/transforms/synthmorph.1.0mm.1.0mm/warp.to.mni152.1.0mm.1.0mm.nii.gz)
[INFO] Warpfield::convert(): converting GCAM ...
[INFO] Warpfield::convert(): gcam       [193 x 229 x 193]
[INFO] Warpfield::convert(): gcam image [256 x 256 x 256]
[INFO] Warpfield::convert(): gcam atlas [193 x 229 x 193]
[INFO] Warpfield::convert(): total out of range voxel count: 0
[INFO] niiWrite(): MGZ_INTENT_WARPMAP => NIFTI_INTENT_DISPVECT, intent_code = 1006, dimensions = {5, 193, 229, 193, 1, 3, 1, 1}
[INFO] niiWrite(): convert displacement from 0 to 3
mri_warp_convert successful.
@#@FSTIME  2026:03:16:14:24:28 mri_warp_convert N 12 e 12.69 S 1.20 U 9.97 P 88% M 3406808 F 22 R 851595 W 0 c 18 w 11717 I 4216 O 0 L 1.00 0.93 0.62
@#@FSLOADPOST 2026:03:16:14:24:41 mri_warp_convert N 12 1.00 0.93 0.62


mri_ca_register -invert-and-save /mnt/c/Users/ADMIN/Documents/Dev_Projects/OASIS_OAS1_0001_MR1_nii-20260316T061137Z-1-001/PreprocessFiles/OASIS_0001/mri/transforms/synthmorph.1.0mm.1.0mm/warp.to.mni152.1.0mm.1.0mm.nii.gz /mnt/c/Users/ADMIN/Documents/Dev_Projects/OASIS_OAS1_0001_MR1_nii-20260316T061137Z-1-001/PreprocessFiles/OASIS_0001/mri/transforms/synthmorph.1.0mm.1.0mm/warp.to.mni152.1.0mm.1.0mm.inv.nii.gz
INFO: using NIfTI-1 sform (sform_code=1)
Loading gcam
[INFO] niiRead(): intent_code = 1006, dimensions = {5, 193, 229, 193, 1, 3, 1, 1}
[DEBUG] Warpfield::read() gcam->status = GCAM_LABELED
setting orig areas to linear transform determinant scaled 1.00
Computing inverse of GCAM
Filling inverse of GCAM
Allocating inv_gcam...(256, 256, 256)
Saving inverse to /mnt/c/Users/ADMIN/Documents/Dev_Projects/OASIS_OAS1_0001_MR1_nii-20260316T061137Z-1-001/PreprocessFiles/OASIS_0001/mri/transforms/synthmorph.1.0mm.1.0mm/warp.to.mni152.1.0mm.1.0mm.inv.nii.gz
GCAMwrite(/mnt/c/Users/ADMIN/Documents/Dev_Projects/OASIS_OAS1_0001_MR1_nii-20260316T061137Z-1-001/PreprocessFiles/OASIS_0001/mri/transforms/synthmorph.1.0mm.1.0mm/warp.to.mni152.1.0mm.1.0mm.inv.nii.gz)
[INFO] Warpfield::convert(): converting GCAM ...
[INFO] Warpfield::convert(): gcam       [256 x 256 x 256]
[INFO] Warpfield::convert(): gcam image [193 x 229 x 193]
[INFO] Warpfield::convert(): gcam atlas [256 x 256 x 256]
[INFO] Warpfield::convert(): total out of range voxel count: 0
[INFO] niiWrite(): MGZ_INTENT_WARPMAP => NIFTI_INTENT_DISPVECT, intent_code = 1006, dimensions = {5, 256, 256, 256, 1, 3, 1, 1}
[INFO] niiWrite(): convert displacement from 0 to 3
@#@FSTIME  2026:03:16:14:24:41 mri_ca_register N 3 e 77.35 S 3.25 U 71.44 P 96% M 7135108 F 12 R 1707523 W 0 c 62 w 21699 I 1856 O 0 L 1.00 0.93 0.62
@#@FSLOADPOST 2026:03:16:14:25:58 mri_ca_register N 3 1.02 0.96 0.66
mri_vol2vol --regheader --mov /mnt/c/Users/ADMIN/Documents/Dev_Projects/OASIS_OAS1_0001_MR1_nii-20260316T061137Z-1-001/PreprocessFiles/OASIS_0001/mri/transforms/synthmorph.1.0mm.1.0mm/tmp/synthmorph.out.mgz --targ /usr/local/freesurfer/8.1.0/average/mni_icbm152_nlin_asym_09c/reg-targets/mni152.1.0mm.nii.gz --o /mnt/c/Users/ADMIN/Documents/Dev_Projects/OASIS_OAS1_0001_MR1_nii-20260316T061137Z-1-001/PreprocessFiles/OASIS_0001/mri/transforms/synthmorph.1.0mm.1.0mm/tmp/morph.out.nii.gz
movvol /mnt/c/Users/ADMIN/Documents/Dev_Projects/OASIS_OAS1_0001_MR1_nii-20260316T061137Z-1-001/PreprocessFiles/OASIS_0001/mri/transforms/synthmorph.1.0mm.1.0mm/tmp/synthmorph.out.mgz
targvol /usr/local/freesurfer/8.1.0/average/mni_icbm152_nlin_asym_09c/reg-targets/mni152.1.0mm.nii.gz
outvol /mnt/c/Users/ADMIN/Documents/Dev_Projects/OASIS_OAS1_0001_MR1_nii-20260316T061137Z-1-001/PreprocessFiles/OASIS_0001/mri/transforms/synthmorph.1.0mm.1.0mm/tmp/morph.out.nii.gz
invert 0
tal    0
talres 2
regheader 1
noresample 0
interp  trilinear (1)
precision  float (3)
Gdiag_no  -1
Synth      0
SynthSeed  1774502348

Computing registration based on scanner-to-scanner

Final tkRAS-to-tkRAS Matrix is:
 1.00000   0.00000   0.00000  -0.50000;
 0.00000   1.00000   0.00000   13.50000;
 0.00000   0.00000   1.00000   0.00000;
 0.00000   0.00000   0.00000   1.00000;


Vox2Vox Matrix is:
 1.00000   0.00000   0.00000  -20.00000;
 0.00000   1.00000   0.00000  -20.00000;
 0.00000   0.00000   1.00000  -2.00000;
 0.00000   0.00000   0.00000   1.00000;

Resampling
Output registration matrix is identity

mri_vol2vol done
@#@FSTIME  2026:03:16:14:25:58 mri_vol2vol N 7 e 1.75 S 0.03 U 1.16 P 68% M 54820 F 7 R 1605 W 0 c 4 w 4027 I 1296 O 0 L 1.02 0.96 0.66
@#@FSLOADPOST 2026:03:16:14:26:00 mri_vol2vol N 7 1.02 0.96 0.66
mri_convert -rt nearest /mnt/c/Users/ADMIN/Documents/Dev_Projects/OASIS_OAS1_0001_MR1_nii-20260316T061137Z-1-001/PreprocessFiles/OASIS_0001/mri/orig.mgz -at /mnt/c/Users/ADMIN/Documents/Dev_Projects/OASIS_OAS1_0001_MR1_nii-20260316T061137Z-1-001/PreprocessFiles/OASIS_0001/mri/transforms/synthmorph.1.0mm.1.0mm/warp.to.mni152.1.0mm.1.0mm.nii.gz /mnt/c/Users/ADMIN/Documents/Dev_Projects/OASIS_OAS1_0001_MR1_nii-20260316T061137Z-1-001/PreprocessFiles/OASIS_0001/mri/transforms/synthmorph.1.0mm.1.0mm/test.nii.gz
mri_convert -rt nearest /mnt/c/Users/ADMIN/Documents/Dev_Projects/OASIS_OAS1_0001_MR1_nii-20260316T061137Z-1-001/PreprocessFiles/OASIS_0001/mri/orig.mgz -at /mnt/c/Users/ADMIN/Documents/Dev_Projects/OASIS_OAS1_0001_MR1_nii-20260316T061137Z-1-001/PreprocessFiles/OASIS_0001/mri/transforms/synthmorph.1.0mm.1.0mm/warp.to.mni152.1.0mm.1.0mm.nii.gz /mnt/c/Users/ADMIN/Documents/Dev_Projects/OASIS_OAS1_0001_MR1_nii-20260316T061137Z-1-001/PreprocessFiles/OASIS_0001/mri/transforms/synthmorph.1.0mm.1.0mm/test.nii.gz 
INFO: using NIfTI-1 sform (sform_code=1)
reading from /mnt/c/Users/ADMIN/Documents/Dev_Projects/OASIS_OAS1_0001_MR1_nii-20260316T061137Z-1-001/PreprocessFiles/OASIS_0001/mri/orig.mgz...
TR=0.00, TE=0.00, TI=0.00, flip angle=0.00
i_ras = (-1, 0, 0)
j_ras = (0, 0, -1)
k_ras = (0, 1, 0)
INFO: Reading transformation from file /mnt/c/Users/ADMIN/Documents/Dev_Projects/OASIS_OAS1_0001_MR1_nii-20260316T061137Z-1-001/PreprocessFiles/OASIS_0001/mri/transforms/synthmorph.1.0mm.1.0mm/warp.to.mni152.1.0mm.1.0mm.nii.gz...
INFO: Applying transformation from file /mnt/c/Users/ADMIN/Documents/Dev_Projects/OASIS_OAS1_0001_MR1_nii-20260316T061137Z-1-001/PreprocessFiles/OASIS_0001/mri/transforms/synthmorph.1.0mm.1.0mm/warp.to.mni152.1.0mm.1.0mm.nii.gz...
Applying morph_3d ...
[INFO] niiRead(): intent_code = 1006, dimensions = {5, 193, 229, 193, 1, 3, 1, 1}
[DEBUG] Warpfield::read() gcam->status = GCAM_LABELED
setting orig areas to linear transform determinant scaled 1.00
morphing to atlas with resample type 0
writing to /mnt/c/Users/ADMIN/Documents/Dev_Projects/OASIS_OAS1_0001_MR1_nii-20260316T061137Z-1-001/PreprocessFiles/OASIS_0001/mri/transforms/synthmorph.1.0mm.1.0mm/test.nii.gz...
@#@FSTIME  2026:03:16:14:26:00 mri_convert N 6 e 6.07 S 0.81 U 4.44 P 86% M 2367648 F 2 R 560816 W 0 c 17 w 6662 I 256 O 0 L 1.02 0.96 0.66
@#@FSLOADPOST 2026:03:16:14:26:06 mri_convert N 6 1.02 0.96 0.66
mri_diff --po /mnt/c/Users/ADMIN/Documents/Dev_Projects/OASIS_OAS1_0001_MR1_nii-20260316T061137Z-1-001/PreprocessFiles/OASIS_0001/mri/transforms/synthmorph.1.0mm.1.0mm/test.nii.gz /mnt/c/Users/ADMIN/Documents/Dev_Projects/OASIS_OAS1_0001_MR1_nii-20260316T061137Z-1-001/PreprocessFiles/OASIS_0001/mri/transforms/synthmorph.1.0mm.1.0mm/tmp/morph.out.nii.gz
mri_diff --po /mnt/c/Users/ADMIN/Documents/Dev_Projects/OASIS_OAS1_0001_MR1_nii-20260316T061137Z-1-001/PreprocessFiles/OASIS_0001/mri/transforms/synthmorph.1.0mm.1.0mm/test.nii.gz /mnt/c/Users/ADMIN/Documents/Dev_Projects/OASIS_OAS1_0001_MR1_nii-20260316T061137Z-1-001/PreprocessFiles/OASIS_0001/mri/transforms/synthmorph.1.0mm.1.0mm/tmp/morph.out.nii.gz 
diffcount 4413956
Volumes differ in pixel data
maxdiff 109.53900909 at 156 171 124 0
tkmeditfv -f /usr/local/freesurfer/8.1.0/average/mni_icbm152_nlin_asym_09c/reg-targets/mni152.1.0mm.nii.gz -aux /mnt/c/Users/ADMIN/Documents/Dev_Projects/OASIS_OAS1_0001_MR1_nii-20260316T061137Z-1-001/PreprocessFiles/OASIS_0001/mri/transforms/synthmorph.1.0mm.1.0mm/test.nii.gz
 
Started at Mon Mar 16 14:16:26 IST 2026 
Ended   at Mon Mar 16 14:26:07 IST 2026
Fs-Synthmorph-Reg-Run-Time-Sec 581
Fs-Synthmorph-Reg-Run-Time-Min 9.68
Fs-Synthmorph-Reg-Run-Time-Hours 0.16
 
fs-synthmorph-reg Done
