status file for recon-all
Mon Mar 16 14:12:59 IST 2026
#@# MotionCor Mon Mar 16 14:13:03 IST 2026
#@# Nu Intensity Correction Mon Mar 16 14:26:07 IST 2026
#@# Intensity Normalization Mon Mar 16 14:27:47 IST 2026

#@# MCADura Segmentation Mon Mar 16 14:28:45 IST 2026

#@# VSinus Segmentation Mon Mar 16 14:29:01 IST 2026
#@# EM Registration Mon Mar 16 14:29:21 IST 2026
#@# CA Normalize Mon Mar 16 14:34:34 IST 2026

#@# EntoWM Segmentation Mon Mar 16 14:35:11 IST 2026
#@# CC Seg Mon Mar 16 14:35:22 IST 2026
#@# Merge ASeg Mon Mar 16 14:35:39 IST 2026
#@# Intensity Normalization2 Mon Mar 16 14:35:39 IST 2026
#@# Mask BFS Mon Mar 16 14:37:03 IST 2026
#@# WM Segmentation Mon Mar 16 14:37:09 IST 2026
#@# Fill Mon Mar 16 14:38:35 IST 2026
#@# Tessellate lh Mon Mar 16 14:39:09 IST 2026
#@# Tessellate rh Mon Mar 16 14:39:14 IST 2026
#@# Smooth1 lh Mon Mar 16 14:39:19 IST 2026
#@# Smooth1 rh Mon Mar 16 14:39:22 IST 2026
#@# Inflation1 lh Mon Mar 16 14:39:25 IST 2026
#@# Inflation1 rh Mon Mar 16 14:39:35 IST 2026
#@# QSphere lh Mon Mar 16 14:39:45 IST 2026
#@# QSphere rh Mon Mar 16 14:40:42 IST 2026
#@# Fix Topology lh Mon Mar 16 14:41:35 IST 2026
#@# Fix Topology rh Mon Mar 16 14:43:12 IST 2026
#@# Smooth2 lh Mon Mar 16 14:52:15 IST 2026
#@# Smooth2 rh Mon Mar 16 14:52:19 IST 2026
#@# Inflation2 lh Mon Mar 16 14:52:22 IST 2026
#@# Inflation2 rh Mon Mar 16 14:52:34 IST 2026
#@# Curv .H and .K lh Mon Mar 16 14:52:45 IST 2026
#@# Curv .H and .K rh Mon Mar 16 14:53:15 IST 2026
#@# Sphere lh Mon Mar 16 14:53:46 IST 2026
#@# Sphere rh Mon Mar 16 14:57:57 IST 2026
#@# Surf Reg lh Mon Mar 16 15:01:57 IST 2026
#@# Surf Reg rh Mon Mar 16 15:05:04 IST 2026
#@# Jacobian white lh Mon Mar 16 15:07:57 IST 2026
#@# Jacobian white rh Mon Mar 16 15:07:59 IST 2026
#@# AvgCurv lh Mon Mar 16 15:08:01 IST 2026
#@# AvgCurv rh Mon Mar 16 15:08:03 IST 2026
#@# Cortical Parc lh Mon Mar 16 15:08:05 IST 2026
#@# Cortical Parc rh Mon Mar 16 15:08:12 IST 2026
#@# white curv lh Mon Mar 16 15:16:25 IST 2026
#@# white area lh Mon Mar 16 15:16:27 IST 2026
#@# pial curv lh Mon Mar 16 15:16:28 IST 2026
#@# pial area lh Mon Mar 16 15:16:30 IST 2026
#@# thickness lh Mon Mar 16 15:16:32 IST 2026
#@# area and vertex vol lh Mon Mar 16 15:16:49 IST 2026
#@# white curv rh Mon Mar 16 15:16:53 IST 2026
#@# white area rh Mon Mar 16 15:16:55 IST 2026
#@# pial curv rh Mon Mar 16 15:16:57 IST 2026
#@# pial area rh Mon Mar 16 15:17:00 IST 2026
#@# thickness rh Mon Mar 16 15:17:02 IST 2026
#@# area and vertex vol rh Mon Mar 16 15:17:18 IST 2026
#@# Curvature Stats lh Mon Mar 16 15:17:23 IST 2026
#@# Curvature Stats rh Mon Mar 16 15:17:27 IST 2026
#@# Cortical ribbon mask Mon Mar 16 15:17:30 IST 2026
#@# Cortical Parc 2 lh Mon Mar 16 15:18:19 IST 2026
#@# Cortical Parc 2 rh Mon Mar 16 15:18:29 IST 2026
#@# Cortical Parc 3 lh Mon Mar 16 15:18:39 IST 2026
#@# Cortical Parc 3 rh Mon Mar 16 15:18:46 IST 2026
#@# WM/GM Contrast lh Mon Mar 16 15:18:54 IST 2026
#@# WM/GM Contrast rh Mon Mar 16 15:19:03 IST 2026
#@# Relabel Hypointensities Mon Mar 16 15:19:11 IST 2026
#@# APas-to-ASeg Mon Mar 16 15:19:21 IST 2026
#@# AParc-to-ASeg aparc Mon Mar 16 15:19:38 IST 2026
#@# AParc-to-ASeg aparc.a2009s Mon Mar 16 15:20:24 IST 2026
#@# AParc-to-ASeg aparc.DKTatlas Mon Mar 16 15:21:09 IST 2026
#@# WMParc Mon Mar 16 15:21:55 IST 2026
#@# Parcellation Stats lh Mon Mar 16 15:23:57 IST 2026
#@# Parcellation Stats rh Mon Mar 16 15:24:06 IST 2026
#@# Parcellation Stats 2 lh Mon Mar 16 15:24:15 IST 2026
#@# Parcellation Stats 2 rh Mon Mar 16 15:24:20 IST 2026
#@# Parcellation Stats 3 lh Mon Mar 16 15:24:25 IST 2026
#@# Parcellation Stats 3 rh Mon Mar 16 15:24:29 IST 2026
#@# ASeg Stats Mon Mar 16 15:24:34 IST 2026
#@# BA_exvivo Labels lh Mon Mar 16 15:25:32 IST 2026
#@# BA_exvivo Labels rh Mon Mar 16 15:28:15 IST 2026
recon-all -s OASIS_0001 finished without error at Mon Mar 16 15:31:00 IST 2026
