/mnt/c/Users/ADMIN/Documents/Dev_Projects/OASIS_OAS1_0001_MR1_nii-20260316T061137Z-1-001/PreprocessFiles/OASIS_0001/mri
/usr/local/freesurfer/8.1.0/bin/mri_nu_correct.mni
--i orig.mgz --o nu.mgz --uchar transforms/talairach.xfm --n 2 --ants-n4
nIters 2
mri_nu_correct.mni 8.1.0
Linux DESKTOP-TCULOUK 5.15.153.1-microsoft-standard-WSL2 #1 SMP Fri Mar 29 23:14:13 UTC 2024 x86_64 x86_64 x86_64 GNU/Linux
Mon Mar 16 14:26:07 IST 2026
tmpdir is ./tmp.mri_nu_correct.mni.3974
cd /mnt/c/Users/ADMIN/Documents/Dev_Projects/OASIS_OAS1_0001_MR1_nii-20260316T061137Z-1-001/PreprocessFiles/OASIS_0001/mri
AntsN4BiasFieldCorrectionFs -i orig.mgz -o ./tmp.mri_nu_correct.mni.3974/nu0.mgz --dtype uchar
AntsN4BiasFieldCorrectionFs done
mri_binarize --i ./tmp.mri_nu_correct.mni.3974/nu0.mgz --min -1 --o ./tmp.mri_nu_correct.mni.3974/ones.mgz

8.1.0
cwd /mnt/c/Users/ADMIN/Documents/Dev_Projects/OASIS_OAS1_0001_MR1_nii-20260316T061137Z-1-001/PreprocessFiles/OASIS_0001/mri
cmdline mri_binarize --i ./tmp.mri_nu_correct.mni.3974/nu0.mgz --min -1 --o ./tmp.mri_nu_correct.mni.3974/ones.mgz 
sysname  Linux
hostname DESKTOP-TCULOUK
machine  x86_64
user     gtu

input      ./tmp.mri_nu_correct.mni.3974/nu0.mgz
frame      0
nErode3d   0
nErode2d   0
output     ./tmp.mri_nu_correct.mni.3974/ones.mgz
Binarizing based on threshold
min        -1
max        +infinity
binval        1
binvalnot     0
fstart = 0, fend = 0, nframes = 1
Found 16777216 values in range
Counting number of voxels in first frame
Found 16777216 voxels in final mask
Writing output to ./tmp.mri_nu_correct.mni.3974/ones.mgz
Count: 16777216 16777216.000000 16777216 100.000000
mri_binarize done
mri_segstats --id 1 --seg ./tmp.mri_nu_correct.mni.3974/ones.mgz --i orig.mgz --sum ./tmp.mri_nu_correct.mni.3974/sum.junk --avgwf ./tmp.mri_nu_correct.mni.3974/input.mean.dat

8.1.0
cwd 
cmdline mri_segstats --id 1 --seg ./tmp.mri_nu_correct.mni.3974/ones.mgz --i orig.mgz --sum ./tmp.mri_nu_correct.mni.3974/sum.junk --avgwf ./tmp.mri_nu_correct.mni.3974/input.mean.dat 
sysname  Linux
hostname DESKTOP-TCULOUK
machine  x86_64
user     gtu
whitesurfname  white
UseRobust  0
Loading ./tmp.mri_nu_correct.mni.3974/ones.mgz
Loading orig.mgz
Voxel Volume is 1 mm^3
Generating list of segmentation ids
Found   1 segmentations
Computing statistics for each segmentation

Reporting on   1 segmentations
Using PrintSegStat
Computing spatial average of each frame

Writing to ./tmp.mri_nu_correct.mni.3974/input.mean.dat
mri_segstats done
mri_segstats --id 1 --seg ./tmp.mri_nu_correct.mni.3974/ones.mgz --i ./tmp.mri_nu_correct.mni.3974/nu0.mgz --sum ./tmp.mri_nu_correct.mni.3974/sum.junk --avgwf ./tmp.mri_nu_correct.mni.3974/output.mean.dat

8.1.0
cwd 
cmdline mri_segstats --id 1 --seg ./tmp.mri_nu_correct.mni.3974/ones.mgz --i ./tmp.mri_nu_correct.mni.3974/nu0.mgz --sum ./tmp.mri_nu_correct.mni.3974/sum.junk --avgwf ./tmp.mri_nu_correct.mni.3974/output.mean.dat 
sysname  Linux
hostname DESKTOP-TCULOUK
machine  x86_64
user     gtu
whitesurfname  white
UseRobust  0
Loading ./tmp.mri_nu_correct.mni.3974/ones.mgz
Loading ./tmp.mri_nu_correct.mni.3974/nu0.mgz
Voxel Volume is 1 mm^3
Generating list of segmentation ids
Found   1 segmentations
Computing statistics for each segmentation

Reporting on   1 segmentations
Using PrintSegStat
Computing spatial average of each frame

Writing to ./tmp.mri_nu_correct.mni.3974/output.mean.dat
mri_segstats done
mris_calc -o ./tmp.mri_nu_correct.mni.3974/nu0.mgz ./tmp.mri_nu_correct.mni.3974/nu0.mgz mul 1.16530194271542692766
Packing
Done packing
Unpacking
#VMPC# mris_calc VmPeak  213684
mri_convert ./tmp.mri_nu_correct.mni.3974/nu0.mgz nu.mgz --like orig.mgz
mri_convert ./tmp.mri_nu_correct.mni.3974/nu0.mgz nu.mgz --like orig.mgz 
reading from ./tmp.mri_nu_correct.mni.3974/nu0.mgz...
TR=0.00, TE=0.00, TI=0.00, flip angle=0.00
i_ras = (-1, 0, 0)
j_ras = (0, 0, -1)
k_ras = (0, 1, 0)
INFO: transform src into the like-volume: orig.mgz
writing to nu.mgz...
mri_make_uchar nu.mgz transforms/talairach.xfm nu.mgz
type change took 0 minutes and 3 seconds.
FIRST_PERCENTILE 0.010000
WM_PERCENTILE    0.900000
MAX_R 50.000000
i1 = 4, i2 = 45
#mri_make_uchar# mapping 10 116 to  3 110  :  b -7.93293 m 1.01746 : thresh 7.79679 maxsat 258.421 : nzero 12870142 nsat 667
 
 
Mon Mar 16 14:27:47 IST 2026
mri_nu_correct.mni done
