Log file for label-cortex
Mon Mar 16 14:51:50 IST 2026

setenv SUBJECTS_DIR /mnt/c/Users/ADMIN/Documents/Dev_Projects/OASIS_OAS1_0001_MR1_nii-20260316T061137Z-1-001/PreprocessFiles
cd /mnt/c/Users/ADMIN/Documents/Dev_Projects/OASIS_OAS1_0001_MR1_nii-20260316T061137Z-1-001/PreprocessFiles/OASIS_0001/mri
/usr/local/freesurfer/8.1.0/bin/label-cortex --s OASIS_0001 --rh --fix-ga
-rwxr-xr-x 1 root root 14265 Jul 19  2025 /usr/local/freesurfer/8.1.0/bin/label-cortex

freesurfer-linux-ubuntu22_x86_64-8.1.0-20250719-f30dfed
$Id$
Linux DESKTOP-TCULOUK 5.15.153.1-microsoft-standard-WSL2 #1 SMP Fri Mar 29 23:14:13 UTC 2024 x86_64 x86_64 x86_64 GNU/Linux
pid 6313
mri_label2label --label-cortex /mnt/c/Users/ADMIN/Documents/Dev_Projects/OASIS_OAS1_0001_MR1_nii-20260316T061137Z-1-001/PreprocessFiles/OASIS_0001/surf/rh.white.preaparc /mnt/c/Users/ADMIN/Documents/Dev_Projects/OASIS_OAS1_0001_MR1_nii-20260316T061137Z-1-001/PreprocessFiles/OASIS_0001/mri/aseg.presurf.mgz 0 /mnt/c/Users/ADMIN/Documents/Dev_Projects/OASIS_OAS1_0001_MR1_nii-20260316T061137Z-1-001/PreprocessFiles/OASIS_0001/label/tmpdir.label-cortex.6313/rh.cortex-no-ga.label

 Generating cortex label... RemoveHipAmgy=0
 NucAccIsMedialWall=0
 mris->useRealRAS=0
5 non-cortical segments detected
only using segment with 8221 vertices
erasing segment 1 (vno[0] = 57476)
erasing segment 2 (vno[0] = 64567)
erasing segment 3 (vno[0] = 65894)
erasing segment 4 (vno[0] = 65919)
mri_binarize --match 4201 --i /mnt/c/Users/ADMIN/Documents/Dev_Projects/OASIS_OAS1_0001_MR1_nii-20260316T061137Z-1-001/PreprocessFiles/OASIS_0001/mri/entowm.mgz --o /mnt/c/Users/ADMIN/Documents/Dev_Projects/OASIS_OAS1_0001_MR1_nii-20260316T061137Z-1-001/PreprocessFiles/OASIS_0001/label/tmpdir.label-cortex.6313/gyrus-ambiens.rh.mgz

8.1.0
cwd /mnt/c/Users/ADMIN/Documents/Dev_Projects/OASIS_OAS1_0001_MR1_nii-20260316T061137Z-1-001/PreprocessFiles/OASIS_0001/mri
cmdline mri_binarize --match 4201 --i /mnt/c/Users/ADMIN/Documents/Dev_Projects/OASIS_OAS1_0001_MR1_nii-20260316T061137Z-1-001/PreprocessFiles/OASIS_0001/mri/entowm.mgz --o /mnt/c/Users/ADMIN/Documents/Dev_Projects/OASIS_OAS1_0001_MR1_nii-20260316T061137Z-1-001/PreprocessFiles/OASIS_0001/label/tmpdir.label-cortex.6313/gyrus-ambiens.rh.mgz 
sysname  Linux
hostname DESKTOP-TCULOUK
machine  x86_64
user     gtu

input      /mnt/c/Users/ADMIN/Documents/Dev_Projects/OASIS_OAS1_0001_MR1_nii-20260316T061137Z-1-001/PreprocessFiles/OASIS_0001/mri/entowm.mgz
frame      0
nErode3d   0
nErode2d   0
output     /mnt/c/Users/ADMIN/Documents/Dev_Projects/OASIS_OAS1_0001_MR1_nii-20260316T061137Z-1-001/PreprocessFiles/OASIS_0001/label/tmpdir.label-cortex.6313/gyrus-ambiens.rh.mgz
Binarizing based on matching values
nMatch 1
 0  4201
binval        1
binvalnot     0
fstart = 0, fend = 0, nframes = 1
Found 194 values in range
Counting number of voxels in first frame
Found 194 voxels in final mask
Writing output to /mnt/c/Users/ADMIN/Documents/Dev_Projects/OASIS_OAS1_0001_MR1_nii-20260316T061137Z-1-001/PreprocessFiles/OASIS_0001/label/tmpdir.label-cortex.6313/gyrus-ambiens.rh.mgz
Count: 194 194.000000 16777216 0.001156
mri_binarize done
mri_vol2surf --regheader OASIS_0001 --hemi rh --surf white.preaparc --mov /mnt/c/Users/ADMIN/Documents/Dev_Projects/OASIS_OAS1_0001_MR1_nii-20260316T061137Z-1-001/PreprocessFiles/OASIS_0001/label/tmpdir.label-cortex.6313/gyrus-ambiens.rh.mgz --projdist-max -1 0 .1 --o /mnt/c/Users/ADMIN/Documents/Dev_Projects/OASIS_OAS1_0001_MR1_nii-20260316T061137Z-1-001/PreprocessFiles/OASIS_0001/label/tmpdir.label-cortex.6313/rh.gyrus-ambiens.mgz

INFO: Delta=0.1 > Max=0, may be ok, maybe not

srcvol = /mnt/c/Users/ADMIN/Documents/Dev_Projects/OASIS_OAS1_0001_MR1_nii-20260316T061137Z-1-001/PreprocessFiles/OASIS_0001/label/tmpdir.label-cortex.6313/gyrus-ambiens.rh.mgz
srcreg unspecified
srcregold = 0
srcwarp unspecified
surf = white.preaparc
hemi = rh
ProjDist = 0.5
reshape = 0
interp = nearest
float2int = round
GetProjMax = 1
INFO: float2int code = 0
INFO: changing type to float
Done loading volume
Computing registration from header.
  Using /mnt/c/Users/ADMIN/Documents/Dev_Projects/OASIS_OAS1_0001_MR1_nii-20260316T061137Z-1-001/PreprocessFiles/OASIS_0001/mri/orig.mgz as target reference.
-------- original matrix -----------
 1.00000   0.00000   0.00000   0.00000;
 0.00000   1.00000   0.00000   0.00000;
 0.00000   0.00000   1.00000   0.00000;
 0.00000   0.00000   0.00000   1.00000;
-------- original matrix -----------
Reading surface /mnt/c/Users/ADMIN/Documents/Dev_Projects/OASIS_OAS1_0001_MR1_nii-20260316T061137Z-1-001/PreprocessFiles/OASIS_0001/surf/rh.white.preaparc
Done reading source surface
Mapping Source Volume onto Source Subject Surface
Projecting -1 0 0.1
 1 -1 -1 0
using old
 2 -0.9 -1 0
using old
 3 -0.8 -1 0
using old
 4 -0.7 -1 0
using old
 5 -0.6 -1 0
using old
 6 -0.5 -1 0
using old
 7 -0.4 -1 0
using old
 8 -0.3 -1 0
using old
 9 -0.2 -1 0
using old
10 -0.0999999 -1 0
using old
Done mapping volume to surface
Number of source voxels hit = 73465
Writing to /mnt/c/Users/ADMIN/Documents/Dev_Projects/OASIS_OAS1_0001_MR1_nii-20260316T061137Z-1-001/PreprocessFiles/OASIS_0001/label/tmpdir.label-cortex.6313/rh.gyrus-ambiens.mgz
Dim: 107623 1 1
Copying color table to the output
mri_vol2surf done
mris_convert --to-scanner -n /mnt/c/Users/ADMIN/Documents/Dev_Projects/OASIS_OAS1_0001_MR1_nii-20260316T061137Z-1-001/PreprocessFiles/OASIS_0001/surf/rh.white.preaparc /mnt/c/Users/ADMIN/Documents/Dev_Projects/OASIS_OAS1_0001_MR1_nii-20260316T061137Z-1-001/PreprocessFiles/OASIS_0001/label/tmpdir.label-cortex.6313/rh.white.preaparc.nxyz.mgz
mris_convert --to-scanner -n /mnt/c/Users/ADMIN/Documents/Dev_Projects/OASIS_OAS1_0001_MR1_nii-20260316T061137Z-1-001/PreprocessFiles/OASIS_0001/surf/rh.white.preaparc /mnt/c/Users/ADMIN/Documents/Dev_Projects/OASIS_OAS1_0001_MR1_nii-20260316T061137Z-1-001/PreprocessFiles/OASIS_0001/label/tmpdir.label-cortex.6313/rh.white.preaparc.nxyz.mgz 
Reading in /mnt/c/Users/ADMIN/Documents/Dev_Projects/OASIS_OAS1_0001_MR1_nii-20260316T061137Z-1-001/PreprocessFiles/OASIS_0001/surf/rh.white.preaparc
Converting surface XYZ coordinates from tkr to scanner space.
Outputting normals /mnt/c/Users/ADMIN/Documents/Dev_Projects/OASIS_OAS1_0001_MR1_nii-20260316T061137Z-1-001/PreprocessFiles/OASIS_0001/label/tmpdir.label-cortex.6313/rh.white.preaparc.nxyz.mgz
mri_binarize --frame 0 --i /mnt/c/Users/ADMIN/Documents/Dev_Projects/OASIS_OAS1_0001_MR1_nii-20260316T061137Z-1-001/PreprocessFiles/OASIS_0001/label/tmpdir.label-cortex.6313/rh.white.preaparc.nxyz.mgz --mask /mnt/c/Users/ADMIN/Documents/Dev_Projects/OASIS_OAS1_0001_MR1_nii-20260316T061137Z-1-001/PreprocessFiles/OASIS_0001/label/tmpdir.label-cortex.6313/rh.gyrus-ambiens.mgz --o /mnt/c/Users/ADMIN/Documents/Dev_Projects/OASIS_OAS1_0001_MR1_nii-20260316T061137Z-1-001/PreprocessFiles/OASIS_0001/label/tmpdir.label-cortex.6313/rh.nx.mask.mgz --max -0.01

8.1.0
cwd /mnt/c/Users/ADMIN/Documents/Dev_Projects/OASIS_OAS1_0001_MR1_nii-20260316T061137Z-1-001/PreprocessFiles/OASIS_0001/mri
cmdline mri_binarize --frame 0 --i /mnt/c/Users/ADMIN/Documents/Dev_Projects/OASIS_OAS1_0001_MR1_nii-20260316T061137Z-1-001/PreprocessFiles/OASIS_0001/label/tmpdir.label-cortex.6313/rh.white.preaparc.nxyz.mgz --mask /mnt/c/Users/ADMIN/Documents/Dev_Projects/OASIS_OAS1_0001_MR1_nii-20260316T061137Z-1-001/PreprocessFiles/OASIS_0001/label/tmpdir.label-cortex.6313/rh.gyrus-ambiens.mgz --o /mnt/c/Users/ADMIN/Documents/Dev_Projects/OASIS_OAS1_0001_MR1_nii-20260316T061137Z-1-001/PreprocessFiles/OASIS_0001/label/tmpdir.label-cortex.6313/rh.nx.mask.mgz --max -0.01 
sysname  Linux
hostname DESKTOP-TCULOUK
machine  x86_64
user     gtu

input      /mnt/c/Users/ADMIN/Documents/Dev_Projects/OASIS_OAS1_0001_MR1_nii-20260316T061137Z-1-001/PreprocessFiles/OASIS_0001/label/tmpdir.label-cortex.6313/rh.white.preaparc.nxyz.mgz
frame      0
nErode3d   0
nErode2d   0
output     /mnt/c/Users/ADMIN/Documents/Dev_Projects/OASIS_OAS1_0001_MR1_nii-20260316T061137Z-1-001/PreprocessFiles/OASIS_0001/label/tmpdir.label-cortex.6313/rh.nx.mask.mgz
Binarizing based on threshold
min        -infinity
max        -0.01
binval        1
binvalnot     0
mask       /mnt/c/Users/ADMIN/Documents/Dev_Projects/OASIS_OAS1_0001_MR1_nii-20260316T061137Z-1-001/PreprocessFiles/OASIS_0001/label/tmpdir.label-cortex.6313/rh.gyrus-ambiens.mgz
maskthresh 0.500000
Loading mask /mnt/c/Users/ADMIN/Documents/Dev_Projects/OASIS_OAS1_0001_MR1_nii-20260316T061137Z-1-001/PreprocessFiles/OASIS_0001/label/tmpdir.label-cortex.6313/rh.gyrus-ambiens.mgz
fstart = 0, fend = 0, nframes = 1
Found 252 values in range
Counting number of voxels in first frame
Found 252 voxels in final mask
Writing output to /mnt/c/Users/ADMIN/Documents/Dev_Projects/OASIS_OAS1_0001_MR1_nii-20260316T061137Z-1-001/PreprocessFiles/OASIS_0001/label/tmpdir.label-cortex.6313/rh.nx.mask.mgz
Count: 252 252.000000 107623 0.234151
mri_binarize done
mri_binarize --frame 2 --i /mnt/c/Users/ADMIN/Documents/Dev_Projects/OASIS_OAS1_0001_MR1_nii-20260316T061137Z-1-001/PreprocessFiles/OASIS_0001/label/tmpdir.label-cortex.6313/rh.white.preaparc.nxyz.mgz --mask /mnt/c/Users/ADMIN/Documents/Dev_Projects/OASIS_OAS1_0001_MR1_nii-20260316T061137Z-1-001/PreprocessFiles/OASIS_0001/label/tmpdir.label-cortex.6313/rh.gyrus-ambiens.mgz --o /mnt/c/Users/ADMIN/Documents/Dev_Projects/OASIS_OAS1_0001_MR1_nii-20260316T061137Z-1-001/PreprocessFiles/OASIS_0001/label/tmpdir.label-cortex.6313/rh.nz.mask.mgz --max -0.01

8.1.0
cwd /mnt/c/Users/ADMIN/Documents/Dev_Projects/OASIS_OAS1_0001_MR1_nii-20260316T061137Z-1-001/PreprocessFiles/OASIS_0001/mri
cmdline mri_binarize --frame 2 --i /mnt/c/Users/ADMIN/Documents/Dev_Projects/OASIS_OAS1_0001_MR1_nii-20260316T061137Z-1-001/PreprocessFiles/OASIS_0001/label/tmpdir.label-cortex.6313/rh.white.preaparc.nxyz.mgz --mask /mnt/c/Users/ADMIN/Documents/Dev_Projects/OASIS_OAS1_0001_MR1_nii-20260316T061137Z-1-001/PreprocessFiles/OASIS_0001/label/tmpdir.label-cortex.6313/rh.gyrus-ambiens.mgz --o /mnt/c/Users/ADMIN/Documents/Dev_Projects/OASIS_OAS1_0001_MR1_nii-20260316T061137Z-1-001/PreprocessFiles/OASIS_0001/label/tmpdir.label-cortex.6313/rh.nz.mask.mgz --max -0.01 
sysname  Linux
hostname DESKTOP-TCULOUK
machine  x86_64
user     gtu

input      /mnt/c/Users/ADMIN/Documents/Dev_Projects/OASIS_OAS1_0001_MR1_nii-20260316T061137Z-1-001/PreprocessFiles/OASIS_0001/label/tmpdir.label-cortex.6313/rh.white.preaparc.nxyz.mgz
frame      2
nErode3d   0
nErode2d   0
output     /mnt/c/Users/ADMIN/Documents/Dev_Projects/OASIS_OAS1_0001_MR1_nii-20260316T061137Z-1-001/PreprocessFiles/OASIS_0001/label/tmpdir.label-cortex.6313/rh.nz.mask.mgz
Binarizing based on threshold
min        -infinity
max        -0.01
binval        1
binvalnot     0
mask       /mnt/c/Users/ADMIN/Documents/Dev_Projects/OASIS_OAS1_0001_MR1_nii-20260316T061137Z-1-001/PreprocessFiles/OASIS_0001/label/tmpdir.label-cortex.6313/rh.gyrus-ambiens.mgz
maskthresh 0.500000
Loading mask /mnt/c/Users/ADMIN/Documents/Dev_Projects/OASIS_OAS1_0001_MR1_nii-20260316T061137Z-1-001/PreprocessFiles/OASIS_0001/label/tmpdir.label-cortex.6313/rh.gyrus-ambiens.mgz
fstart = 2, fend = 2, nframes = 1
Found 202 values in range
Counting number of voxels in first frame
Found 202 voxels in final mask
Writing output to /mnt/c/Users/ADMIN/Documents/Dev_Projects/OASIS_OAS1_0001_MR1_nii-20260316T061137Z-1-001/PreprocessFiles/OASIS_0001/label/tmpdir.label-cortex.6313/rh.nz.mask.mgz
Count: 202 202.000000 107623 0.187692
mri_binarize done
fscalc /mnt/c/Users/ADMIN/Documents/Dev_Projects/OASIS_OAS1_0001_MR1_nii-20260316T061137Z-1-001/PreprocessFiles/OASIS_0001/label/tmpdir.label-cortex.6313/rh.nx.mask.mgz and /mnt/c/Users/ADMIN/Documents/Dev_Projects/OASIS_OAS1_0001_MR1_nii-20260316T061137Z-1-001/PreprocessFiles/OASIS_0001/label/tmpdir.label-cortex.6313/rh.nz.mask.mgz -o /mnt/c/Users/ADMIN/Documents/Dev_Projects/OASIS_OAS1_0001_MR1_nii-20260316T061137Z-1-001/PreprocessFiles/OASIS_0001/label/tmpdir.label-cortex.6313/rh.gyrus-ambiens.lat.mask.mgz
Mon Mar 16 14:52:05 IST 2026

cd /mnt/c/Users/ADMIN/Documents/Dev_Projects/OASIS_OAS1_0001_MR1_nii-20260316T061137Z-1-001/PreprocessFiles/OASIS_0001/mri
/usr/local/freesurfer/8.1.0/bin/fscalc /mnt/c/Users/ADMIN/Documents/Dev_Projects/OASIS_OAS1_0001_MR1_nii-20260316T061137Z-1-001/PreprocessFiles/OASIS_0001/label/tmpdir.label-cortex.6313/rh.nx.mask.mgz and /mnt/c/Users/ADMIN/Documents/Dev_Projects/OASIS_OAS1_0001_MR1_nii-20260316T061137Z-1-001/PreprocessFiles/OASIS_0001/label/tmpdir.label-cortex.6313/rh.nz.mask.mgz -o /mnt/c/Users/ADMIN/Documents/Dev_Projects/OASIS_OAS1_0001_MR1_nii-20260316T061137Z-1-001/PreprocessFiles/OASIS_0001/label/tmpdir.label-cortex.6313/rh.gyrus-ambiens.lat.mask.mgz

freesurfer-linux-ubuntu22_x86_64-8.1.0-20250719-f30dfed
Linux DESKTOP-TCULOUK 5.15.153.1-microsoft-standard-WSL2 #1 SMP Fri Mar 29 23:14:13 UTC 2024 x86_64 x86_64 x86_64 GNU/Linux
mri_convert /mnt/c/Users/ADMIN/Documents/Dev_Projects/OASIS_OAS1_0001_MR1_nii-20260316T061137Z-1-001/PreprocessFiles/OASIS_0001/label/tmpdir.label-cortex.6313/rh.nx.mask.mgz /mnt/c/Users/ADMIN/Documents/Dev_Projects/OASIS_OAS1_0001_MR1_nii-20260316T061137Z-1-001/PreprocessFiles/OASIS_0001/label/tmpdir.label-cortex.6313/tmp.3oKKwA/tmp.mgh
mri_convert /mnt/c/Users/ADMIN/Documents/Dev_Projects/OASIS_OAS1_0001_MR1_nii-20260316T061137Z-1-001/PreprocessFiles/OASIS_0001/label/tmpdir.label-cortex.6313/rh.nx.mask.mgz /mnt/c/Users/ADMIN/Documents/Dev_Projects/OASIS_OAS1_0001_MR1_nii-20260316T061137Z-1-001/PreprocessFiles/OASIS_0001/label/tmpdir.label-cortex.6313/tmp.3oKKwA/tmp.mgh 
reading from /mnt/c/Users/ADMIN/Documents/Dev_Projects/OASIS_OAS1_0001_MR1_nii-20260316T061137Z-1-001/PreprocessFiles/OASIS_0001/label/tmpdir.label-cortex.6313/rh.nx.mask.mgz...
TR=0.00, TE=0.00, TI=0.00, flip angle=0.00
i_ras = (-1, 0, 0)
j_ras = (0, 0, -1)
k_ras = (0, 1, 0)
writing to /mnt/c/Users/ADMIN/Documents/Dev_Projects/OASIS_OAS1_0001_MR1_nii-20260316T061137Z-1-001/PreprocessFiles/OASIS_0001/label/tmpdir.label-cortex.6313/tmp.3oKKwA/tmp.mgh...
----------------------
mris_calc -o /mnt/c/Users/ADMIN/Documents/Dev_Projects/OASIS_OAS1_0001_MR1_nii-20260316T061137Z-1-001/PreprocessFiles/OASIS_0001/label/tmpdir.label-cortex.6313/tmp.3oKKwA/tmp.mgh /mnt/c/Users/ADMIN/Documents/Dev_Projects/OASIS_OAS1_0001_MR1_nii-20260316T061137Z-1-001/PreprocessFiles/OASIS_0001/label/tmpdir.label-cortex.6313/tmp.3oKKwA/tmp.mgh and /mnt/c/Users/ADMIN/Documents/Dev_Projects/OASIS_OAS1_0001_MR1_nii-20260316T061137Z-1-001/PreprocessFiles/OASIS_0001/label/tmpdir.label-cortex.6313/rh.nz.mask.mgz
Packing
Done packing
Packing
Done packing
Unpacking
Saving result to '/mnt/c/Users/ADMIN/Documents/Dev_Projects/OASIS_OAS1_0001_MR1_nii-20260316T061137Z-1-001/PreprocessFiles/OASIS_0001/label/tmpdir.label-cortex.6313/tmp.3oKKwA/tmp.mgh' (type = MGH )                       [ ok ]
#VMPC# mris_calc VmPeak  18280
----------------------
mri_convert /mnt/c/Users/ADMIN/Documents/Dev_Projects/OASIS_OAS1_0001_MR1_nii-20260316T061137Z-1-001/PreprocessFiles/OASIS_0001/label/tmpdir.label-cortex.6313/tmp.3oKKwA/tmp.mgh /mnt/c/Users/ADMIN/Documents/Dev_Projects/OASIS_OAS1_0001_MR1_nii-20260316T061137Z-1-001/PreprocessFiles/OASIS_0001/label/tmpdir.label-cortex.6313/rh.gyrus-ambiens.lat.mask.mgz
mri_convert /mnt/c/Users/ADMIN/Documents/Dev_Projects/OASIS_OAS1_0001_MR1_nii-20260316T061137Z-1-001/PreprocessFiles/OASIS_0001/label/tmpdir.label-cortex.6313/tmp.3oKKwA/tmp.mgh /mnt/c/Users/ADMIN/Documents/Dev_Projects/OASIS_OAS1_0001_MR1_nii-20260316T061137Z-1-001/PreprocessFiles/OASIS_0001/label/tmpdir.label-cortex.6313/rh.gyrus-ambiens.lat.mask.mgz 
reading from /mnt/c/Users/ADMIN/Documents/Dev_Projects/OASIS_OAS1_0001_MR1_nii-20260316T061137Z-1-001/PreprocessFiles/OASIS_0001/label/tmpdir.label-cortex.6313/tmp.3oKKwA/tmp.mgh...
TR=0.00, TE=0.00, TI=0.00, flip angle=0.00
i_ras = (-1, 0, 0)
j_ras = (0, 0, -1)
k_ras = (0, 1, 0)
writing to /mnt/c/Users/ADMIN/Documents/Dev_Projects/OASIS_OAS1_0001_MR1_nii-20260316T061137Z-1-001/PreprocessFiles/OASIS_0001/label/tmpdir.label-cortex.6313/rh.gyrus-ambiens.lat.mask.mgz...
mri_cor2label --i /mnt/c/Users/ADMIN/Documents/Dev_Projects/OASIS_OAS1_0001_MR1_nii-20260316T061137Z-1-001/PreprocessFiles/OASIS_0001/label/tmpdir.label-cortex.6313/rh.gyrus-ambiens.lat.mask.mgz --l /mnt/c/Users/ADMIN/Documents/Dev_Projects/OASIS_OAS1_0001_MR1_nii-20260316T061137Z-1-001/PreprocessFiles/OASIS_0001/label/tmpdir.label-cortex.6313/rh.gyrus-ambiens.med.label --surf-path /mnt/c/Users/ADMIN/Documents/Dev_Projects/OASIS_OAS1_0001_MR1_nii-20260316T061137Z-1-001/PreprocessFiles/OASIS_0001/surf/rh.white.preaparc --id 1 --thresh 0.5
Loading mri /mnt/c/Users/ADMIN/Documents/Dev_Projects/OASIS_OAS1_0001_MR1_nii-20260316T061137Z-1-001/PreprocessFiles/OASIS_0001/label/tmpdir.label-cortex.6313/rh.gyrus-ambiens.lat.mask.mgz
8.1.0
------- Vox2RAS of input volume -----------
-1.00000   0.00000   0.00000   53811.50000;
 0.00000   0.00000   1.00000  -0.50000;
 0.00000  -1.00000   0.00000   0.50000;
 0.00000   0.00000   0.00000   1.00000;
Scanning the volume
mri_cor2label completed SUCCESSFULLY
Loading surf /mnt/c/Users/ADMIN/Documents/Dev_Projects/OASIS_OAS1_0001_MR1_nii-20260316T061137Z-1-001/PreprocessFiles/OASIS_0001/surf/rh.white.preaparc
Found 188 label voxels
Writing label file /mnt/c/Users/ADMIN/Documents/Dev_Projects/OASIS_OAS1_0001_MR1_nii-20260316T061137Z-1-001/PreprocessFiles/OASIS_0001/label/tmpdir.label-cortex.6313/rh.gyrus-ambiens.med.label
Centroid:  18.85    1.13  -23.77 
mri_mergelabels -i /mnt/c/Users/ADMIN/Documents/Dev_Projects/OASIS_OAS1_0001_MR1_nii-20260316T061137Z-1-001/PreprocessFiles/OASIS_0001/label/tmpdir.label-cortex.6313/rh.cortex-no-ga.label -i /mnt/c/Users/ADMIN/Documents/Dev_Projects/OASIS_OAS1_0001_MR1_nii-20260316T061137Z-1-001/PreprocessFiles/OASIS_0001/label/tmpdir.label-cortex.6313/rh.gyrus-ambiens.med.label -o /mnt/c/Users/ADMIN/Documents/Dev_Projects/OASIS_OAS1_0001_MR1_nii-20260316T061137Z-1-001/PreprocessFiles/OASIS_0001/label/rh.cortex.label
Done

To view results, run
fsvglrun freeview -f /mnt/c/Users/ADMIN/Documents/Dev_Projects/OASIS_OAS1_0001_MR1_nii-20260316T061137Z-1-001/PreprocessFiles/OASIS_0001/surf/rh.white.preaparc:label=/mnt/c/Users/ADMIN/Documents/Dev_Projects/OASIS_OAS1_0001_MR1_nii-20260316T061137Z-1-001/PreprocessFiles/OASIS_0001/label/rh.cortex.label


 
Started at Mon Mar 16 14:51:50 IST 2026 
Ended   at Mon Mar 16 14:52:07 IST 2026
Label-Cortex-Run-Time-Sec 17
Label-Cortex-Run-Time-Min 0.28
Label-Cortex-Run-Time-Hours 0.00
 
label-cortex Done
