Log file for defect2seg
Mon Mar 16 14:45:36 IST 2026

setenv SUBJECTS_DIR /mnt/c/Users/ADMIN/Documents/Dev_Projects/OASIS_OAS1_0001_MR1_nii-20260316T061137Z-1-001/PreprocessFiles
cd /mnt/c/Users/ADMIN/Documents/Dev_Projects/OASIS_OAS1_0001_MR1_nii-20260316T061137Z-1-001/PreprocessFiles/OASIS_0001/scripts
/usr/local/freesurfer/8.1.0/bin/defect2seg --s OASIS_0001 --cortex

freesurfer-linux-ubuntu22_x86_64-8.1.0-20250719-f30dfed
defect2seg 8.1.0
Linux DESKTOP-TCULOUK 5.15.153.1-microsoft-standard-WSL2 #1 SMP Fri Mar 29 23:14:13 UTC 2024 x86_64 x86_64 x86_64 GNU/Linux
pid 5694
mri_label2label --label-cortex /mnt/c/Users/ADMIN/Documents/Dev_Projects/OASIS_OAS1_0001_MR1_nii-20260316T061137Z-1-001/PreprocessFiles/OASIS_0001/surf/lh.orig.nofix /mnt/c/Users/ADMIN/Documents/Dev_Projects/OASIS_OAS1_0001_MR1_nii-20260316T061137Z-1-001/PreprocessFiles/OASIS_0001/mri/aseg.presurf.mgz 0 /mnt/c/Users/ADMIN/Documents/Dev_Projects/OASIS_OAS1_0001_MR1_nii-20260316T061137Z-1-001/PreprocessFiles/OASIS_0001/label/lh.nofix.cortex.label

 Generating cortex label... RemoveHipAmgy=0
 NucAccIsMedialWall=0
 mris->useRealRAS=0
14 non-cortical segments detected
only using segment with 7302 vertices
erasing segment 0 (vno[0] = 11549)
erasing segment 2 (vno[0] = 49456)
erasing segment 3 (vno[0] = 52346)
erasing segment 4 (vno[0] = 56038)
erasing segment 5 (vno[0] = 70405)
erasing segment 6 (vno[0] = 71311)
erasing segment 7 (vno[0] = 75154)
erasing segment 8 (vno[0] = 77384)
erasing segment 9 (vno[0] = 79090)
erasing segment 10 (vno[0] = 79889)
erasing segment 11 (vno[0] = 80030)
erasing segment 12 (vno[0] = 82484)
erasing segment 13 (vno[0] = 85272)
mri_label2vol --defects /mnt/c/Users/ADMIN/Documents/Dev_Projects/OASIS_OAS1_0001_MR1_nii-20260316T061137Z-1-001/PreprocessFiles/OASIS_0001/surf/lh.orig.nofix /mnt/c/Users/ADMIN/Documents/Dev_Projects/OASIS_OAS1_0001_MR1_nii-20260316T061137Z-1-001/PreprocessFiles/OASIS_0001/surf/lh.defect_labels /mnt/c/Users/ADMIN/Documents/Dev_Projects/OASIS_OAS1_0001_MR1_nii-20260316T061137Z-1-001/PreprocessFiles/OASIS_0001/mri/orig.mgz 1000 0 /mnt/c/Users/ADMIN/Documents/Dev_Projects/OASIS_OAS1_0001_MR1_nii-20260316T061137Z-1-001/PreprocessFiles/OASIS_0001/mri/surface.defects.mgz /mnt/c/Users/ADMIN/Documents/Dev_Projects/OASIS_OAS1_0001_MR1_nii-20260316T061137Z-1-001/PreprocessFiles/OASIS_0001/label/lh.nofix.cortex.label
mri_label2vol supposed to be reproducible but seed not set
Contraining to label /mnt/c/Users/ADMIN/Documents/Dev_Projects/OASIS_OAS1_0001_MR1_nii-20260316T061137Z-1-001/PreprocessFiles/OASIS_0001/label/lh.nofix.cortex.label
Changing input type 0 to MRI_INT
Converting defects to volume: offset=1000, merge=0
Writing to /mnt/c/Users/ADMIN/Documents/Dev_Projects/OASIS_OAS1_0001_MR1_nii-20260316T061137Z-1-001/PreprocessFiles/OASIS_0001/mri/surface.defects.mgz
mris_defects_pointset -s /mnt/c/Users/ADMIN/Documents/Dev_Projects/OASIS_OAS1_0001_MR1_nii-20260316T061137Z-1-001/PreprocessFiles/OASIS_0001/surf/lh.orig.nofix -d /mnt/c/Users/ADMIN/Documents/Dev_Projects/OASIS_OAS1_0001_MR1_nii-20260316T061137Z-1-001/PreprocessFiles/OASIS_0001/surf/lh.defect_labels -o /mnt/c/Users/ADMIN/Documents/Dev_Projects/OASIS_OAS1_0001_MR1_nii-20260316T061137Z-1-001/PreprocessFiles/OASIS_0001/surf/lh.defects.pointset --label /mnt/c/Users/ADMIN/Documents/Dev_Projects/OASIS_OAS1_0001_MR1_nii-20260316T061137Z-1-001/PreprocessFiles/OASIS_0001/label/lh.nofix.cortex.label
Reading in surface /mnt/c/Users/ADMIN/Documents/Dev_Projects/OASIS_OAS1_0001_MR1_nii-20260316T061137Z-1-001/PreprocessFiles/OASIS_0001/surf/lh.orig.nofix
Reading in defect segmentation /mnt/c/Users/ADMIN/Documents/Dev_Projects/OASIS_OAS1_0001_MR1_nii-20260316T061137Z-1-001/PreprocessFiles/OASIS_0001/surf/lh.defect_labels
Reading in label /mnt/c/Users/ADMIN/Documents/Dev_Projects/OASIS_OAS1_0001_MR1_nii-20260316T061137Z-1-001/PreprocessFiles/OASIS_0001/label/lh.nofix.cortex.label
#VMPC# mris_defects_pointset 144144
mris_defects_pointset done
mri_label2label --label-cortex /mnt/c/Users/ADMIN/Documents/Dev_Projects/OASIS_OAS1_0001_MR1_nii-20260316T061137Z-1-001/PreprocessFiles/OASIS_0001/surf/rh.orig.nofix /mnt/c/Users/ADMIN/Documents/Dev_Projects/OASIS_OAS1_0001_MR1_nii-20260316T061137Z-1-001/PreprocessFiles/OASIS_0001/mri/aseg.presurf.mgz 0 /mnt/c/Users/ADMIN/Documents/Dev_Projects/OASIS_OAS1_0001_MR1_nii-20260316T061137Z-1-001/PreprocessFiles/OASIS_0001/label/rh.nofix.cortex.label

 Generating cortex label... RemoveHipAmgy=0
 NucAccIsMedialWall=0
 mris->useRealRAS=0
17 non-cortical segments detected
only using segment with 7468 vertices
erasing segment 1 (vno[0] = 45619)
erasing segment 2 (vno[0] = 54158)
erasing segment 3 (vno[0] = 55923)
erasing segment 4 (vno[0] = 61550)
erasing segment 5 (vno[0] = 76542)
erasing segment 6 (vno[0] = 77332)
erasing segment 7 (vno[0] = 77370)
erasing segment 8 (vno[0] = 77476)
erasing segment 9 (vno[0] = 78237)
erasing segment 10 (vno[0] = 78318)
erasing segment 11 (vno[0] = 78339)
erasing segment 12 (vno[0] = 78393)
erasing segment 13 (vno[0] = 79274)
erasing segment 14 (vno[0] = 80135)
erasing segment 15 (vno[0] = 88297)
erasing segment 16 (vno[0] = 91198)
mri_label2vol --defects /mnt/c/Users/ADMIN/Documents/Dev_Projects/OASIS_OAS1_0001_MR1_nii-20260316T061137Z-1-001/PreprocessFiles/OASIS_0001/surf/rh.orig.nofix /mnt/c/Users/ADMIN/Documents/Dev_Projects/OASIS_OAS1_0001_MR1_nii-20260316T061137Z-1-001/PreprocessFiles/OASIS_0001/surf/rh.defect_labels /mnt/c/Users/ADMIN/Documents/Dev_Projects/OASIS_OAS1_0001_MR1_nii-20260316T061137Z-1-001/PreprocessFiles/OASIS_0001/mri/surface.defects.mgz 2000 1 /mnt/c/Users/ADMIN/Documents/Dev_Projects/OASIS_OAS1_0001_MR1_nii-20260316T061137Z-1-001/PreprocessFiles/OASIS_0001/mri/surface.defects.mgz /mnt/c/Users/ADMIN/Documents/Dev_Projects/OASIS_OAS1_0001_MR1_nii-20260316T061137Z-1-001/PreprocessFiles/OASIS_0001/label/rh.nofix.cortex.label
mri_label2vol supposed to be reproducible but seed not set
Contraining to label /mnt/c/Users/ADMIN/Documents/Dev_Projects/OASIS_OAS1_0001_MR1_nii-20260316T061137Z-1-001/PreprocessFiles/OASIS_0001/label/rh.nofix.cortex.label
Converting defects to volume: offset=2000, merge=1
Writing to /mnt/c/Users/ADMIN/Documents/Dev_Projects/OASIS_OAS1_0001_MR1_nii-20260316T061137Z-1-001/PreprocessFiles/OASIS_0001/mri/surface.defects.mgz
mris_defects_pointset -s /mnt/c/Users/ADMIN/Documents/Dev_Projects/OASIS_OAS1_0001_MR1_nii-20260316T061137Z-1-001/PreprocessFiles/OASIS_0001/surf/rh.orig.nofix -d /mnt/c/Users/ADMIN/Documents/Dev_Projects/OASIS_OAS1_0001_MR1_nii-20260316T061137Z-1-001/PreprocessFiles/OASIS_0001/surf/rh.defect_labels -o /mnt/c/Users/ADMIN/Documents/Dev_Projects/OASIS_OAS1_0001_MR1_nii-20260316T061137Z-1-001/PreprocessFiles/OASIS_0001/surf/rh.defects.pointset --label /mnt/c/Users/ADMIN/Documents/Dev_Projects/OASIS_OAS1_0001_MR1_nii-20260316T061137Z-1-001/PreprocessFiles/OASIS_0001/label/rh.nofix.cortex.label
Reading in surface /mnt/c/Users/ADMIN/Documents/Dev_Projects/OASIS_OAS1_0001_MR1_nii-20260316T061137Z-1-001/PreprocessFiles/OASIS_0001/surf/rh.orig.nofix
Reading in defect segmentation /mnt/c/Users/ADMIN/Documents/Dev_Projects/OASIS_OAS1_0001_MR1_nii-20260316T061137Z-1-001/PreprocessFiles/OASIS_0001/surf/rh.defect_labels
Reading in label /mnt/c/Users/ADMIN/Documents/Dev_Projects/OASIS_OAS1_0001_MR1_nii-20260316T061137Z-1-001/PreprocessFiles/OASIS_0001/label/rh.nofix.cortex.label
#VMPC# mris_defects_pointset 142524
mris_defects_pointset done
 
Started at Mon Mar 16 14:45:36 IST 2026 
Ended   at Mon Mar 16 14:46:04 IST 2026
Defect2seg-Run-Time-Sec 28
Defect2seg-Run-Time-Min 0.56
Defect2seg-Run-Time-Hours 0.01
 
defect2seg Done
